\BOOKMARK [0][-]{Doc-Start}{\376\377\000L\000E\000M\000B\000A\000R\000\040\000P\000E\000R\000S\000E\000T\000U\000J\000U\000A\000N}{}% 1
\BOOKMARK [0][-]{Doc-Start}{\376\377\000L\000E\000M\000B\000A\000R\000\040\000P\000E\000R\000N\000Y\000A\000T\000A\000A\000N}{}% 2
\BOOKMARK [0][-]{chapter*.2}{\376\377\000A\000B\000S\000T\000R\000A\000K}{}% 3
\BOOKMARK [0][-]{chapter*.3}{\376\377\000A\000B\000S\000T\000R\000A\000C\000T}{}% 4
\BOOKMARK [0][-]{chapter*.4}{\376\377\000D\000A\000F\000T\000A\000R\000\040\000I\000S\000I}{}% 5
\BOOKMARK [0][-]{chapter*.5}{\376\377\000D\000A\000F\000T\000A\000R\000\040\000G\000A\000M\000B\000A\000R}{}% 6
\BOOKMARK [0][-]{chapter*.6}{\376\377\000D\000A\000F\000T\000A\000R\000\040\000T\000A\000B\000E\000L}{}% 7
\BOOKMARK [0][-]{chapter.1}{\376\377\000P\000E\000N\000D\000A\000H\000U\000L\000U\000A\000N}{}% 8
\BOOKMARK [1][-]{section.1.1}{\376\377\000L\000a\000t\000a\000r\000\040\000B\000e\000l\000a\000k\000a\000n\000g\000\040\000M\000a\000s\000a\000l\000a\000h}{chapter.1}% 9
\BOOKMARK [1][-]{section.1.2}{\376\377\000R\000u\000m\000u\000s\000a\000n\000\040\000M\000a\000s\000a\000l\000a\000h}{chapter.1}% 10
\BOOKMARK [1][-]{section.1.3}{\376\377\000P\000e\000m\000b\000a\000t\000a\000s\000a\000n\000\040\000M\000a\000s\000a\000l\000a\000h}{chapter.1}% 11
\BOOKMARK [1][-]{section.1.4}{\376\377\000T\000u\000j\000u\000a\000n\000\040\000P\000e\000n\000e\000l\000i\000t\000i\000a\000n}{chapter.1}% 12
\BOOKMARK [1][-]{section.1.5}{\376\377\000M\000a\000n\000f\000a\000a\000t\000\040\000P\000e\000n\000e\000l\000i\000t\000i\000a\000n}{chapter.1}% 13
\BOOKMARK [0][-]{chapter.2}{\376\377\000K\000A\000J\000I\000A\000N\000\040\000P\000U\000S\000T\000A\000K\000A}{}% 14
\BOOKMARK [1][-]{section.2.1}{\376\377\000B\000o\000r\000d\000e\000r\000\040\000F\000o\000l\000l\000o\000w\000i\000n\000g}{chapter.2}% 15
\BOOKMARK [1][-]{section.2.2}{\376\377\000S\000p\000l\000i\000n\000e\000s\000\040\000i\000n\000t\000e\000r\000p\000o\000l\000a\000t\000i\000o\000n\000\040\000i\000m\000a\000g\000i\000n\000g}{chapter.2}% 16
\BOOKMARK [2][-]{subsection.2.2.1}{\376\377\000B\000\351\000z\000i\000e\000r\000\040\000S\000p\000l\000i\000n\000e}{section.2.2}% 17
\BOOKMARK [2][-]{subsection.2.2.2}{\376\377\000B\000-\000S\000p\000l\000i\000n\000e}{section.2.2}% 18
\BOOKMARK [2][-]{subsection.2.2.3}{\376\377\000G\000l\000o\000b\000a\000l\000\040\000I\000n\000t\000e\000r\000p\000o\000l\000a\000t\000i\000o\000n}{section.2.2}% 19
\BOOKMARK [2][-]{subsection.2.2.4}{\376\377\000L\000o\000c\000a\000l\000\040\000I\000n\000t\000e\000r\000p\000o\000l\000a\000t\000i\000o\000n}{section.2.2}% 20
\BOOKMARK [0][-]{chapter.3}{\376\377\000M\000E\000T\000O\000D\000O\000L\000O\000G\000I\000\040\000P\000E\000N\000E\000L\000I\000T\000I\000A\000N}{}% 21
\BOOKMARK [1][-]{section.3.1}{\376\377\000P\000e\000r\000a\000n\000c\000a\000n\000g\000a\000n\000\040\000S\000i\000s\000t\000e\000m}{chapter.3}% 22
\BOOKMARK [1][-]{section.3.2}{\376\377\000B\000o\000r\000d\000e\000r\000\040\000F\000o\000l\000l\000o\000w\000i\000n\000g}{chapter.3}% 23
\BOOKMARK [1][-]{section.3.3}{\376\377\000I\000n\000t\000e\000r\000p\000o\000l\000a\000s\000i}{chapter.3}% 24
\BOOKMARK [1][-]{section.3.4}{\376\377\000P\000e\000r\000a\000n\000c\000a\000n\000g\000a\000n\000\040\000E\000k\000s\000p\000e\000r\000i\000m\000e\000n}{chapter.3}% 25
\BOOKMARK [2][-]{subsection.3.4.1}{\376\377\000S\000u\000m\000b\000e\000r\000\040\000D\000a\000t\000a}{section.3.4}% 26
\BOOKMARK [2][-]{subsection.3.4.2}{\376\377\000V\000a\000l\000i\000d\000a\000s\000i}{section.3.4}% 27
\BOOKMARK [0][-]{chapter.4}{\376\377\000H\000A\000S\000I\000L\000\040\000D\000A\000N\000\040\000P\000E\000M\000B\000A\000H\000A\000S\000A\000N}{}% 28
\BOOKMARK [1][-]{section.4.1}{\376\377\000P\000e\000n\000g\000o\000l\000a\000h\000a\000n\000\040\000d\000a\000t\000a\000\040\000c\000i\000t\000r\000a\000\040\000i\000n\000p\000u\000t}{chapter.4}% 29
\BOOKMARK [1][-]{section.4.2}{\376\377\000D\000e\000t\000e\000k\000s\000i\000\040\000K\000e\000l\000i\000l\000i\000n\000g\000\040\000M\000e\000n\000g\000g\000u\000n\000a\000k\000a\000n\000\040\000B\000o\000r\000d\000e\000r\000\040\000F\000o\000l\000l\000o\000w\000i\000n\000g}{chapter.4}% 30
\BOOKMARK [1][-]{section.4.3}{\376\377\000P\000e\000n\000g\000h\000a\000l\000u\000s\000a\000n\000\040\000m\000e\000n\000g\000g\000u\000n\000a\000k\000a\000n\000\040\000I\000n\000t\000e\000r\000p\000o\000l\000a\000s\000i\000\040\000G\000l\000o\000b\000a\000l}{chapter.4}% 31
\BOOKMARK [1][-]{section.4.4}{\376\377\000V\000a\000l\000i\000d\000a\000s\000i}{chapter.4}% 32
\BOOKMARK [0][-]{chapter.5}{\376\377\000K\000E\000S\000I\000M\000P\000U\000L\000A\000N\000\040\000D\000A\000N\000\040\000S\000A\000R\000A\000N}{}% 33
\BOOKMARK [1][-]{section.5.1}{\376\377\000K\000e\000s\000i\000m\000p\000u\000l\000a\000n}{chapter.5}% 34
\BOOKMARK [1][-]{section.5.2}{\376\377\000S\000a\000r\000a\000n}{chapter.5}% 35
\BOOKMARK [0][-]{section.5.2}{\376\377\000D\000A\000F\000T\000A\000R\000\040\000P\000U\000S\000T\000A\000K\000A}{}% 36
\BOOKMARK [0][-]{chapter*.41}{\376\377\000L\000A\000M\000P\000I\000R\000A\000N}{}% 37
\BOOKMARK [0][-]{appendix.A}{\376\377\000S\000o\000u\000r\000c\000e\000\040\000c\000o\000d\000e\000\040\000p\000r\000o\000g\000r\000a\000m}{}% 38
\BOOKMARK [1][-]{section.A.1}{\376\377\000B\000o\000r\000d\000e\000r\000\040\000F\000o\000l\000l\000o\000w\000i\000n\000g}{appendix.A}% 39
\BOOKMARK [1][-]{section.A.2}{\376\377\000G\000l\000o\000b\000a\000l\000\040\000I\000n\000t\000e\000r\000p\000o\000l\000a\000t\000i\000o\000n}{appendix.A}% 40
\BOOKMARK [0][-]{appendix.B}{\376\377\000T\000a\000b\000e\000l\000\040\000p\000e\000n\000g\000o\000l\000a\000h\000a\000n\000\040\000d\000a\000t\000a\000\040\000c\000i\000t\000r\000a\000\040\000i\000n\000p\000u\000t}{}% 41
\BOOKMARK [0][-]{table.B.5}{\376\377\000D\000A\000F\000T\000A\000R\000\040\000R\000I\000W\000A\000Y\000A\000T\000\040\000H\000I\000D\000U\000P}{}% 42
